2018-02-11 11:31:50 INFO  TC001_VerifyLogin:29 - ________________Started execution verifyLogin__________
2018-02-11 11:32:02 INFO  TC001_VerifyLogin:32 - ________________Completed execution verifyLogin__________
2018-02-11 11:38:41 INFO  TC001_VerifyLogin:29 - ________________Started execution verifyLogin__________
2018-02-11 11:38:43 INFO  LoginPage:48 - ----------Clicked on SignIn-------------
2018-02-11 11:39:28 INFO  TC001_VerifyLogin:29 - ________________Started execution verifyLogin__________
2018-02-11 11:39:30 INFO  LoginPage:48 - ----------Clicked on SignIn-------------
2018-02-11 11:39:30 INFO  LoginPage:50 - ----------Entered surename-------->sohaibcool@gmail.com
2018-02-11 11:39:40 INFO  TC001_VerifyLogin:32 - ________________Completed execution verifyLogin__________
2018-02-11 11:42:10 INFO  TC001_VerifyLogin:29 - ________________Started execution verifyLogin__________
2018-02-11 11:42:12 INFO  LoginPage:48 - ----------Clicked on SignIn-------------
2018-02-11 11:42:12 INFO  LoginPage:50 - ----------Entered surename-------->sohaibcool@gmail.com
2018-02-11 11:42:22 INFO  TC001_VerifyLogin:32 - ________________Completed execution verifyLogin__________
2018-02-11 11:44:33 INFO  TC001_VerifyLogin:29 - ________________Started execution verifyLogin__________
2018-02-11 11:44:37 INFO  LoginPage:48 - ----------Clicked on SignIn-------------
2018-02-11 11:44:37 INFO  LoginPage:50 - ----------Entered surename-------->sohaibcool@gmail.com
2018-02-11 11:44:43 INFO  LoginPage:64 - ----------Entered the Password-------->Allah@123
2018-02-11 11:44:46 INFO  LoginPage:66 - ----------clicked on Continue Button-------->[[ChromeDriver: chrome on XP (078ee5676e966e1ccbbb9d5330febaa8)] -> xpath: //input[@type='submit']]
2018-02-11 11:44:46 INFO  LoginPage:70 - ----------SignIn element is present-------->[[ChromeDriver: chrome on XP (078ee5676e966e1ccbbb9d5330febaa8)] -> xpath: //a[@href='/gp/css/homepage.html/ref=nav_youraccount_btn']]
2018-02-11 11:44:52 INFO  LoginPage:77 - ----------clicked on SignOut button-------->Proxy element for: DefaultElementLocator 'By.xpath: //span[contains(text(),'Sign Out')]'
2018-02-11 11:44:52 INFO  TC001_VerifyLogin:32 - ________________Completed execution verifyLogin__________
2018-02-11 13:43:30 INFO  TC001_VerifyLogin:29 - ________________Started execution verifyLogin__________
2018-02-11 13:43:32 INFO  LoginPage:48 - ----------Clicked on SignIn-------------
2018-02-11 13:43:33 INFO  LoginPage:50 - ----------Entered surename-------->sohaibcool@gmail.com
2018-02-11 13:43:33 INFO  LoginPage:55 - ----------Password was not dispalyed-------->sohaibcool@gmail.com
2018-02-11 13:43:35 INFO  LoginPage:57 - ----------clicked on Continue Button-------->[[ChromeDriver: chrome on XP (a5d73707e3c6dc6ab78b4912c468452d)] -> xpath: //input[@type='submit']]
2018-02-11 13:43:35 INFO  LoginPage:59 - ----------Entered the Password-------->Allah@123
2018-02-11 13:43:41 INFO  LoginPage:70 - ----------SignIn element is present-------->[[ChromeDriver: chrome on XP (a5d73707e3c6dc6ab78b4912c468452d)] -> xpath: //a[@href='/gp/css/homepage.html/ref=nav_youraccount_btn']]
2018-02-11 13:43:50 INFO  LoginPage:77 - ----------clicked on SignOut button-------->Proxy element for: DefaultElementLocator 'By.xpath: //span[contains(text(),'Sign Out')]'
2018-02-11 13:43:50 INFO  TC001_VerifyLogin:32 - ________________Completed execution verifyLogin__________
2018-02-11 13:46:04 INFO  TC001_VerifyLogin:29 - ________________Started execution verifyLogin__________
2018-02-11 13:46:05 INFO  LoginPage:48 - ----------Clicked on SignIn-------------
2018-02-11 13:46:05 INFO  LoginPage:50 - ----------Entered surename-------->sohaibcool@gmail.com
2018-02-11 13:46:05 INFO  LoginPage:55 - ----------Password was not dispalyed-------->sohaibcool@gmail.com
2018-02-11 13:46:07 INFO  LoginPage:57 - ----------clicked on Continue Button-------->[[ChromeDriver: chrome on XP (1d4049b04535be82c32cd9a0df10295a)] -> xpath: //input[@type='submit']]
2018-02-11 13:46:08 INFO  LoginPage:59 - ----------Entered the Password-------->Allah@123
2018-02-11 13:46:11 INFO  LoginPage:70 - ----------SignIn element is present-------->[[ChromeDriver: chrome on XP (1d4049b04535be82c32cd9a0df10295a)] -> xpath: //a[@href='/gp/css/homepage.html/ref=nav_youraccount_btn']]
2018-02-11 13:46:18 INFO  LoginPage:77 - ----------clicked on SignOut button-------->Proxy element for: DefaultElementLocator 'By.xpath: //span[contains(text(),'Sign Out')]'
2018-02-11 13:46:18 INFO  TC001_VerifyLogin:32 - ________________Completed execution verifyLogin__________
2018-02-11 15:02:55 INFO  TC001_VerifyLogin:29 - ________________Started execution verifyLogin__________
2018-02-11 15:03:01 INFO  LoginPage:48 - ----------Clicked on SignIn-------------
2018-02-11 15:03:01 INFO  LoginPage:50 - ----------Entered surename-------->sohaibcool@gmail.com
2018-02-11 15:03:06 INFO  LoginPage:64 - ----------Entered the Password-------->Allah@123
2018-02-11 15:03:13 INFO  LoginPage:66 - ----------clicked on Continue Button-------->[[FirefoxDriver: firefox on XP (fbd31d9d-39d0-4d1c-aefe-8ac74b952858)] -> xpath: //input[@type='submit']]
2018-02-11 15:03:13 INFO  LoginPage:70 - ----------SignIn element is present-------->[[FirefoxDriver: firefox on XP (fbd31d9d-39d0-4d1c-aefe-8ac74b952858)] -> xpath: //a[@href='/gp/css/homepage.html/ref=nav_youraccount_btn']]
2018-02-11 15:05:42 INFO  TC001_VerifyLogin:29 - ________________Started execution verifyLogin__________
2018-02-11 15:05:43 INFO  LoginPage:48 - ----------Clicked on SignIn-------------
2018-02-11 15:05:44 INFO  LoginPage:50 - ----------Entered surename-------->sohaibcool@gmail.com
2018-02-11 15:05:44 INFO  LoginPage:55 - ----------Password was not dispalyed-------->sohaibcool@gmail.com
2018-02-11 15:05:45 INFO  LoginPage:57 - ----------clicked on Continue Button-------->[[FirefoxDriver: firefox on XP (5bc69a77-65b6-4180-818f-e7d617d5455d)] -> xpath: //input[@type='submit']]
2018-02-11 15:05:45 INFO  LoginPage:59 - ----------Entered the Password-------->Allah@123
2018-02-11 15:05:49 INFO  LoginPage:70 - ----------SignIn element is present-------->[[FirefoxDriver: firefox on XP (5bc69a77-65b6-4180-818f-e7d617d5455d)] -> xpath: //a[@href='/gp/css/homepage.html/ref=nav_youraccount_btn']]
2018-02-11 15:07:27 INFO  TC001_VerifyLogin:29 - ________________Started execution verifyLogin__________
2018-02-11 15:07:28 INFO  LoginPage:48 - ----------Clicked on SignIn-------------
2018-02-11 15:07:28 INFO  LoginPage:50 - ----------Entered surename-------->sohaibcool@gmail.com
2018-02-11 15:07:28 INFO  LoginPage:55 - ----------Password was not dispalyed-------->sohaibcool@gmail.com
2018-02-11 15:07:30 INFO  LoginPage:57 - ----------clicked on Continue Button-------->[[FirefoxDriver: firefox on XP (225119e5-000f-44fa-a1af-68e1581adf10)] -> xpath: //input[@type='submit']]
2018-02-11 15:07:30 INFO  LoginPage:59 - ----------Entered the Password-------->Allah@123
2018-02-11 15:07:34 INFO  LoginPage:70 - ----------SignIn element is present-------->[[FirefoxDriver: firefox on XP (225119e5-000f-44fa-a1af-68e1581adf10)] -> xpath: //a[@href='/gp/css/homepage.html/ref=nav_youraccount_btn']]
2018-02-11 15:12:15 INFO  TC001_VerifyLogin:29 - ________________Started execution verifyLogin__________
2018-02-11 15:12:18 INFO  LoginPage:48 - ----------Clicked on SignIn-------------
2018-02-11 15:12:18 INFO  LoginPage:50 - ----------Entered surename-------->sohaibcool@gmail.com
2018-02-11 15:12:23 INFO  LoginPage:64 - ----------Entered the Password-------->Allah@123
2018-02-11 15:12:27 INFO  LoginPage:66 - ----------clicked on Continue Button-------->[[FirefoxDriver: firefox on XP (529dcb97-3650-497c-ab6c-83502977095b)] -> xpath: //input[@type='submit']]
2018-02-11 15:13:05 INFO  LoginPage:70 - ----------SignIn element is present-------->[[FirefoxDriver: firefox on XP (529dcb97-3650-497c-ab6c-83502977095b)] -> xpath: //a[@href='/gp/css/homepage.html/ref=nav_youraccount_btn']]
2018-02-11 15:14:20 INFO  LoginPage:77 - ----------clicked on SignOut button-------->Proxy element for: DefaultElementLocator 'By.xpath: //span[contains(text(),'Sign Out')]'
2018-02-11 15:14:27 INFO  TC001_VerifyLogin:32 - ________________Completed execution verifyLogin__________
2018-02-11 15:14:45 INFO  TC001_VerifyLogin:29 - ________________Started execution verifyLogin__________
2018-02-11 15:14:47 INFO  LoginPage:48 - ----------Clicked on SignIn-------------
2018-02-11 15:14:47 INFO  LoginPage:50 - ----------Entered surename-------->sohaibcool@gmail.com
2018-02-11 15:14:47 INFO  LoginPage:55 - ----------Password was not dispalyed-------->sohaibcool@gmail.com
2018-02-11 15:14:48 INFO  LoginPage:57 - ----------clicked on Continue Button-------->[[FirefoxDriver: firefox on XP (695e86cf-7b3a-47a6-986a-677f90c06ebb)] -> xpath: //input[@type='submit']]
2018-02-11 15:14:48 INFO  LoginPage:59 - ----------Entered the Password-------->Allah@123
2018-02-11 15:14:54 INFO  LoginPage:70 - ----------SignIn element is present-------->[[FirefoxDriver: firefox on XP (695e86cf-7b3a-47a6-986a-677f90c06ebb)] -> xpath: //a[@href='/gp/css/homepage.html/ref=nav_youraccount_btn']]
2018-02-11 15:15:05 INFO  LoginPage:77 - ----------clicked on SignOut button-------->Proxy element for: DefaultElementLocator 'By.xpath: //span[contains(text(),'Sign Out')]'
2018-02-11 15:15:05 INFO  TC001_VerifyLogin:32 - ________________Completed execution verifyLogin__________
2018-02-11 15:29:20 INFO  TC001_VerifyLogin:29 - ________________Started execution verifyLogin__________
2018-02-11 15:29:22 INFO  LoginPage:48 - ----------Clicked on SignIn-------------
2018-02-11 15:29:23 INFO  LoginPage:50 - ----------Entered surename-------->sohaibcool@gmail.com
2018-02-11 15:29:28 INFO  LoginPage:64 - ----------Entered the Password-------->Allah@123
2018-02-11 15:29:33 INFO  LoginPage:66 - ----------clicked on Continue Button-------->[[FirefoxDriver: firefox on XP (703879c4-f081-47fc-a802-21dbc9f6e75b)] -> xpath: //input[@type='submit']]
2018-02-11 15:29:33 INFO  LoginPage:70 - ----------SignIn element is present-------->[[FirefoxDriver: firefox on XP (703879c4-f081-47fc-a802-21dbc9f6e75b)] -> xpath: //a[@href='/gp/css/homepage.html/ref=nav_youraccount_btn']]
2018-02-11 15:29:44 INFO  LoginPage:77 - ----------clicked on SignOut button-------->Proxy element for: DefaultElementLocator 'By.xpath: //span[contains(text(),'Sign Out')]'
2018-02-11 15:29:44 INFO  TC001_VerifyLogin:32 - ________________Completed execution verifyLogin__________
2018-02-11 15:34:39 INFO  TC001_VerifyLogin:29 - ________________Started execution verifyLogin__________
2018-02-11 15:34:40 INFO  LoginPage:48 - ----------Clicked on SignIn-------------
2018-02-11 15:34:41 INFO  LoginPage:50 - ----------Entered surename-------->sohaibcool@gmail.com
2018-02-11 15:34:46 INFO  LoginPage:64 - ----------Entered the Password-------->Allah@123
2018-02-11 15:34:51 INFO  LoginPage:66 - ----------clicked on Continue Button-------->[[FirefoxDriver: firefox on XP (c8da84d8-4fb2-4601-b1cf-7a8440e74d09)] -> xpath: //input[@type='submit']]
2018-02-11 15:34:51 INFO  LoginPage:70 - ----------SignIn element is present-------->[[FirefoxDriver: firefox on XP (c8da84d8-4fb2-4601-b1cf-7a8440e74d09)] -> xpath: //a[@href='/gp/css/homepage.html/ref=nav_youraccount_btn']]
2018-02-11 15:35:16 INFO  TC001_VerifyLogin:29 - ________________Started execution verifyLogin__________
2018-02-11 15:35:18 INFO  LoginPage:48 - ----------Clicked on SignIn-------------
2018-02-11 15:35:18 INFO  LoginPage:50 - ----------Entered surename-------->sohaibcool@gmail.com
2018-02-11 15:35:18 INFO  LoginPage:55 - ----------Password was not dispalyed-------->sohaibcool@gmail.com
2018-02-11 15:35:20 INFO  LoginPage:57 - ----------clicked on Continue Button-------->[[FirefoxDriver: firefox on XP (d285546a-8d68-4d12-b3c2-1dcbe18330be)] -> xpath: //input[@type='submit']]
2018-02-11 15:35:20 INFO  LoginPage:59 - ----------Entered the Password-------->Allah@123
2018-02-11 15:35:24 INFO  LoginPage:70 - ----------SignIn element is present-------->[[FirefoxDriver: firefox on XP (d285546a-8d68-4d12-b3c2-1dcbe18330be)] -> xpath: //a[@href='/gp/css/homepage.html/ref=nav_youraccount_btn']]
2018-02-11 15:35:57 INFO  TC001_VerifyLogin:29 - ________________Started execution verifyLogin__________
2018-02-11 15:35:58 INFO  LoginPage:48 - ----------Clicked on SignIn-------------
2018-02-11 15:35:59 INFO  LoginPage:50 - ----------Entered surename-------->sohaibcool@gmail.com
2018-02-11 15:35:59 INFO  LoginPage:55 - ----------Password was not dispalyed-------->sohaibcool@gmail.com
2018-02-11 15:36:00 INFO  LoginPage:57 - ----------clicked on Continue Button-------->[[FirefoxDriver: firefox on XP (820810dd-962e-4570-b517-195df27b3ee9)] -> xpath: //input[@type='submit']]
2018-02-11 15:36:00 INFO  LoginPage:59 - ----------Entered the Password-------->Allah@123
2018-02-11 15:36:24 INFO  LoginPage:70 - ----------SignIn element is present-------->[[FirefoxDriver: firefox on XP (820810dd-962e-4570-b517-195df27b3ee9)] -> xpath: //a[@href='/gp/css/homepage.html/ref=nav_youraccount_btn']]
2018-02-11 15:37:19 INFO  LoginPage:77 - ----------clicked on SignOut button-------->Proxy element for: DefaultElementLocator 'By.xpath: //span[contains(text(),'Sign Out')]'
2018-02-11 15:37:31 INFO  TC001_VerifyLogin:32 - ________________Completed execution verifyLogin__________
2018-02-11 15:38:23 INFO  TC001_VerifyLogin:29 - ________________Started execution verifyLogin__________
2018-02-11 15:38:25 INFO  LoginPage:48 - ----------Clicked on SignIn-------------
2018-02-11 15:38:25 INFO  LoginPage:50 - ----------Entered surename-------->sohaibcool@gmail.com
2018-02-11 15:38:25 INFO  LoginPage:55 - ----------Password was not dispalyed-------->sohaibcool@gmail.com
2018-02-11 15:38:27 INFO  LoginPage:57 - ----------clicked on Continue Button-------->[[FirefoxDriver: firefox on XP (23baef59-cd36-40ef-bd23-7399927f9535)] -> xpath: //input[@type='submit']]
2018-02-11 15:38:27 INFO  LoginPage:59 - ----------Entered the Password-------->Allah@123
2018-02-11 15:38:31 INFO  LoginPage:70 - ----------SignIn element is present-------->[[FirefoxDriver: firefox on XP (23baef59-cd36-40ef-bd23-7399927f9535)] -> xpath: //a[@href='/gp/css/homepage.html/ref=nav_youraccount_btn']]
2018-02-11 15:38:42 INFO  LoginPage:77 - ----------clicked on SignOut button-------->Proxy element for: DefaultElementLocator 'By.xpath: //span[contains(text(),'Sign Out')]'
2018-02-11 15:38:42 INFO  TC001_VerifyLogin:32 - ________________Completed execution verifyLogin__________
2018-02-11 20:00:16 INFO  TC001_VerifyLogin:29 - ________________Started execution verifyLogin__________
2018-02-11 20:00:19 INFO  LoginPage:48 - ----------Clicked on SignIn-------------
2018-02-11 20:00:19 INFO  LoginPage:50 - ----------Entered surename-------->sohaibcool@gmail.com
2018-02-11 20:00:24 INFO  LoginPage:64 - ----------Entered the Password-------->Allah@123
2018-02-11 20:00:28 INFO  LoginPage:66 - ----------clicked on Continue Button-------->[[FirefoxDriver: firefox on XP (258787bf-7e28-4f3a-8220-c9cbd5aaf05a)] -> xpath: //input[@type='submit']]
2018-02-11 20:00:28 INFO  LoginPage:70 - ----------SignIn element is present-------->[[FirefoxDriver: firefox on XP (258787bf-7e28-4f3a-8220-c9cbd5aaf05a)] -> xpath: //a[@href='/gp/css/homepage.html/ref=nav_youraccount_btn']]
2018-02-11 20:00:40 INFO  LoginPage:77 - ----------clicked on SignOut button-------->Proxy element for: DefaultElementLocator 'By.xpath: //span[contains(text(),'Sign Out')]'
2018-02-11 20:00:40 INFO  TC001_VerifyLogin:32 - ________________Completed execution verifyLogin__________
2018-02-11 20:58:28 INFO  TC002_LoginFromDataSheet:34 - ________________Started execution verifyLogin__________
2018-02-11 20:58:29 INFO  LoginPage:48 - ----------Clicked on SignIn-------------
2018-02-11 20:58:30 INFO  LoginPage:50 - ----------Entered surename-------->null
2018-02-11 20:58:30 INFO  LoginPage:55 - ----------Password was not dispalyed-------->null
2018-02-11 20:58:31 INFO  LoginPage:57 - ----------clicked on Continue Button-------->[[FirefoxDriver: firefox on XP (73fd5c13-8b0b-444d-acc1-e955eab410c8)] -> xpath: //input[@type='submit']]
2018-02-11 21:03:29 INFO  TC001_VerifyLogin:29 - ________________Started execution verifyLogin__________
2018-02-11 21:03:30 INFO  LoginPage:48 - ----------Clicked on SignIn-------------
2018-02-11 21:03:31 INFO  LoginPage:50 - ----------Entered surename-------->sohaibcool@gmail.com
2018-02-11 21:03:31 INFO  LoginPage:55 - ----------Password was not dispalyed-------->sohaibcool@gmail.com
2018-02-11 21:03:32 INFO  LoginPage:57 - ----------clicked on Continue Button-------->[[FirefoxDriver: firefox on XP (52f92a09-49d4-4fed-b787-2643e37d7a46)] -> xpath: //input[@type='submit']]
2018-02-11 21:03:32 INFO  LoginPage:59 - ----------Entered the Password-------->Allah@123
2018-02-11 21:03:38 INFO  LoginPage:70 - ----------SignIn element is present-------->[[FirefoxDriver: firefox on XP (52f92a09-49d4-4fed-b787-2643e37d7a46)] -> xpath: //a[@href='/gp/css/homepage.html/ref=nav_youraccount_btn']]
2018-02-11 21:49:14 INFO  TC002_LoginFromDataSheet:38 - ________________Started execution verifyLogin__________
2018-02-11 21:49:15 INFO  LoginPage:48 - ----------Clicked on SignIn-------------
2018-02-11 21:49:15 INFO  LoginPage:50 - ----------Entered surename-------->sohaibcool@gmail.com
2018-02-11 21:49:15 INFO  LoginPage:55 - ----------Password was not dispalyed-------->sohaibcool@gmail.com
2018-02-11 21:49:16 INFO  LoginPage:57 - ----------clicked on Continue Button-------->[[FirefoxDriver: firefox on XP (010ddbf2-9d5b-4afa-b1d9-381cad378073)] -> xpath: //input[@type='submit']]
2018-02-11 21:49:17 INFO  LoginPage:59 - ----------Entered the Password-------->Allah@123
2018-02-11 21:49:22 INFO  LoginPage:70 - ----------SignIn element is present-------->[[FirefoxDriver: firefox on XP (010ddbf2-9d5b-4afa-b1d9-381cad378073)] -> xpath: //a[@href='/gp/css/homepage.html/ref=nav_youraccount_btn']]
2018-02-11 21:53:31 INFO  TC002_LoginFromDataSheet:38 - ________________Started execution verifyLogin__________
2018-02-11 21:54:38 INFO  TC002_LoginFromDataSheet:38 - ________________Started execution verifyLogin__________
2018-02-11 21:54:39 INFO  LoginPage:48 - ----------Clicked on SignIn-------------
2018-02-11 21:54:39 INFO  LoginPage:50 - ----------Entered surename-------->sohaibcool@gmail.com
2018-02-11 21:54:39 INFO  LoginPage:55 - ----------Password was not dispalyed-------->sohaibcool@gmail.com
2018-02-11 21:54:40 INFO  LoginPage:57 - ----------clicked on Continue Button-------->[[FirefoxDriver: firefox on XP (b9c276ef-909c-4dc3-8201-003f2ecc03c4)] -> xpath: //input[@type='submit']]
2018-02-11 21:54:40 INFO  LoginPage:59 - ----------Entered the Password-------->Allah@123
2018-02-11 21:54:50 INFO  LoginPage:70 - ----------SignIn element is present-------->[[FirefoxDriver: firefox on XP (b9c276ef-909c-4dc3-8201-003f2ecc03c4)] -> xpath: //a[@href='/gp/css/homepage.html/ref=nav_youraccount_btn']]
2018-02-11 21:55:02 INFO  LoginPage:77 - ----------clicked on SignOut button-------->Proxy element for: DefaultElementLocator 'By.xpath: //span[contains(text(),'Sign Out')]'
2018-02-11 21:55:02 INFO  TC002_LoginFromDataSheet:41 - ________________Completed execution verifyLogin__________
2018-02-11 21:55:23 INFO  TC002_LoginFromDataSheet:38 - ________________Started execution verifyLogin__________
2018-02-11 21:55:24 INFO  LoginPage:48 - ----------Clicked on SignIn-------------
2018-02-11 21:55:25 INFO  LoginPage:50 - ----------Entered surename-------->sohaibcool@gmail.com
2018-02-11 21:55:25 INFO  LoginPage:55 - ----------Password was not dispalyed-------->sohaibcool@gmail.com
2018-02-11 21:55:26 INFO  LoginPage:57 - ----------clicked on Continue Button-------->[[FirefoxDriver: firefox on XP (628788d3-14b9-4ce3-b33d-5d6ee07eebfd)] -> xpath: //input[@type='submit']]
2018-02-11 21:55:26 INFO  LoginPage:59 - ----------Entered the Password-------->Allah@123
2018-02-11 21:55:34 INFO  LoginPage:70 - ----------SignIn element is present-------->[[FirefoxDriver: firefox on XP (628788d3-14b9-4ce3-b33d-5d6ee07eebfd)] -> xpath: //a[@href='/gp/css/homepage.html/ref=nav_youraccount_btn']]
2018-02-11 21:56:37 INFO  TC002_LoginFromDataSheet:38 - ________________Started execution verifyLogin__________
2018-02-11 21:56:38 INFO  LoginPage:48 - ----------Clicked on SignIn-------------
2018-02-11 21:56:38 INFO  LoginPage:50 - ----------Entered surename-------->sohaibcool@gmail.com
2018-02-11 21:56:43 INFO  LoginPage:64 - ----------Entered the Password-------->Allah@123
2018-02-11 21:56:47 INFO  LoginPage:66 - ----------clicked on Continue Button-------->[[FirefoxDriver: firefox on XP (a014d0e9-f6d0-4b1b-9b4b-5a79c78556f7)] -> xpath: //input[@type='submit']]
2018-02-11 21:56:47 INFO  LoginPage:70 - ----------SignIn element is present-------->[[FirefoxDriver: firefox on XP (a014d0e9-f6d0-4b1b-9b4b-5a79c78556f7)] -> xpath: //a[@href='/gp/css/homepage.html/ref=nav_youraccount_btn']]
2018-02-11 21:57:30 INFO  TC002_LoginFromDataSheet:38 - ________________Started execution verifyLogin__________
2018-02-11 21:57:31 INFO  LoginPage:48 - ----------Clicked on SignIn-------------
2018-02-11 21:57:32 INFO  LoginPage:50 - ----------Entered surename-------->sohaibcool@gmail.com
2018-02-11 21:57:32 INFO  LoginPage:55 - ----------Password was not dispalyed-------->sohaibcool@gmail.com
2018-02-11 21:57:33 INFO  LoginPage:57 - ----------clicked on Continue Button-------->[[FirefoxDriver: firefox on XP (435eec7e-c557-42cc-ac6a-bfaab738507f)] -> xpath: //input[@type='submit']]
2018-02-11 21:57:33 INFO  LoginPage:59 - ----------Entered the Password-------->Allah@123
2018-02-11 21:57:38 INFO  LoginPage:70 - ----------SignIn element is present-------->[[FirefoxDriver: firefox on XP (435eec7e-c557-42cc-ac6a-bfaab738507f)] -> xpath: //a[@href='/gp/css/homepage.html/ref=nav_youraccount_btn']]
2018-02-11 21:58:30 INFO  TC002_LoginFromDataSheet:38 - ________________Started execution verifyLogin__________
2018-02-11 21:58:32 INFO  LoginPage:48 - ----------Clicked on SignIn-------------
2018-02-11 21:58:32 INFO  LoginPage:50 - ----------Entered surename-------->sohaibcool@gmail.com
2018-02-11 21:58:32 INFO  LoginPage:55 - ----------Password was not dispalyed-------->sohaibcool@gmail.com
2018-02-11 21:58:34 INFO  LoginPage:57 - ----------clicked on Continue Button-------->[[FirefoxDriver: firefox on XP (638a77b9-7adb-4905-82e8-a44af5648177)] -> xpath: //input[@type='submit']]
2018-02-11 21:58:34 INFO  LoginPage:59 - ----------Entered the Password-------->Allah@123
2018-02-11 21:58:38 INFO  LoginPage:70 - ----------SignIn element is present-------->[[FirefoxDriver: firefox on XP (638a77b9-7adb-4905-82e8-a44af5648177)] -> xpath: //a[@href='/gp/css/homepage.html/ref=nav_youraccount_btn']]
2018-02-11 21:59:14 INFO  TC002_LoginFromDataSheet:38 - ________________Started execution verifyLogin__________
2018-02-11 21:59:15 INFO  LoginPage:48 - ----------Clicked on SignIn-------------
2018-02-11 21:59:15 INFO  LoginPage:50 - ----------Entered surename-------->sohaibcool@gmail.com
2018-02-11 21:59:20 INFO  LoginPage:64 - ----------Entered the Password-------->Allah@123
2018-02-11 21:59:25 INFO  LoginPage:66 - ----------clicked on Continue Button-------->[[FirefoxDriver: firefox on XP (752c4da6-baf3-41db-8442-c8df7ecce1bd)] -> xpath: //input[@type='submit']]
2018-02-11 21:59:25 INFO  LoginPage:70 - ----------SignIn element is present-------->[[FirefoxDriver: firefox on XP (752c4da6-baf3-41db-8442-c8df7ecce1bd)] -> xpath: //a[@href='/gp/css/homepage.html/ref=nav_youraccount_btn']]
2018-02-11 21:59:36 INFO  LoginPage:77 - ----------clicked on SignOut button-------->Proxy element for: DefaultElementLocator 'By.xpath: //span[contains(text(),'Sign Out')]'
2018-02-11 21:59:36 INFO  TC002_LoginFromDataSheet:41 - ________________Completed execution verifyLogin__________
2018-02-11 22:01:42 INFO  TC001_VerifyLogin:29 - ________________Started execution verifyLogin__________
2018-02-11 22:01:43 INFO  LoginPage:48 - ----------Clicked on SignIn-------------
2018-02-11 22:01:43 INFO  LoginPage:50 - ----------Entered surename-------->sohaibcool@gmail.com
2018-02-11 22:01:44 INFO  LoginPage:55 - ----------Password was not dispalyed-------->sohaibcool@gmail.com
2018-02-11 22:01:45 INFO  LoginPage:57 - ----------clicked on Continue Button-------->[[FirefoxDriver: firefox on XP (4a2b860c-29f5-46e8-a1bb-69aef1da2ccc)] -> xpath: //input[@type='submit']]
2018-02-11 22:01:45 INFO  LoginPage:59 - ----------Entered the Password-------->Allah@123
2018-02-11 22:01:50 INFO  LoginPage:70 - ----------SignIn element is present-------->[[FirefoxDriver: firefox on XP (4a2b860c-29f5-46e8-a1bb-69aef1da2ccc)] -> xpath: //a[@href='/gp/css/homepage.html/ref=nav_youraccount_btn']]
2018-02-11 22:02:01 INFO  LoginPage:77 - ----------clicked on SignOut button-------->Proxy element for: DefaultElementLocator 'By.xpath: //span[contains(text(),'Sign Out')]'
2018-02-11 22:02:01 INFO  TC001_VerifyLogin:32 - ________________Completed execution verifyLogin__________
2018-02-11 22:02:27 INFO  TC002_LoginFromDataSheet:38 - ________________Started execution verifyLogin__________
2018-02-11 22:02:28 INFO  LoginPage:48 - ----------Clicked on SignIn-------------
2018-02-11 22:02:28 INFO  LoginPage:50 - ----------Entered surename-------->sohaibcool@gmail.com
2018-02-11 22:02:33 INFO  LoginPage:64 - ----------Entered the Password-------->Allah@123
2018-02-11 22:02:38 INFO  LoginPage:66 - ----------clicked on Continue Button-------->[[FirefoxDriver: firefox on XP (965238fd-23c8-46e2-8b6f-777629d467a7)] -> xpath: //input[@type='submit']]
2018-02-11 22:02:38 INFO  LoginPage:70 - ----------SignIn element is present-------->[[FirefoxDriver: firefox on XP (965238fd-23c8-46e2-8b6f-777629d467a7)] -> xpath: //a[@href='/gp/css/homepage.html/ref=nav_youraccount_btn']]
2018-02-11 22:12:30 INFO  TC002_LoginFromDataSheet:38 - ________________Started execution verifyLogin__________
2018-02-11 22:12:31 INFO  LoginPage:48 - ----------Clicked on SignIn-------------
2018-02-11 22:12:31 INFO  LoginPage:50 - ----------Entered surename-------->sohaibcool@gmail.com
2018-02-11 22:12:31 INFO  LoginPage:55 - ----------Password was not dispalyed-------->sohaibcool@gmail.com
2018-02-11 22:12:33 INFO  LoginPage:57 - ----------clicked on Continue Button-------->[[FirefoxDriver: firefox on XP (92cb24cf-c5f4-4354-8c22-e447751b7e95)] -> xpath: //input[@type='submit']]
2018-02-11 22:12:33 INFO  LoginPage:59 - ----------Entered the Password-------->Allah@123
2018-02-11 22:12:37 INFO  LoginPage:70 - ----------SignIn element is present-------->[[FirefoxDriver: firefox on XP (92cb24cf-c5f4-4354-8c22-e447751b7e95)] -> xpath: //a[@href='/gp/css/homepage.html/ref=nav_youraccount_btn']]
2018-02-11 22:12:48 INFO  LoginPage:77 - ----------clicked on SignOut button-------->Proxy element for: DefaultElementLocator 'By.xpath: //span[contains(text(),'Sign Out')]'
2018-02-11 22:12:48 INFO  TC002_LoginFromDataSheet:41 - ________________Completed execution verifyLogin__________
2018-02-11 22:14:11 INFO  TC002_LoginFromDataSheet:38 - ________________Started execution verifyLogin__________
2018-02-11 22:14:13 INFO  LoginPage:48 - ----------Clicked on SignIn-------------
2018-02-11 22:14:13 INFO  LoginPage:50 - ----------Entered surename-------->sohaibcool@gmail.com
2018-02-11 22:14:18 INFO  LoginPage:64 - ----------Entered the Password-------->Allah@123
2018-02-11 22:14:22 INFO  LoginPage:66 - ----------clicked on Continue Button-------->[[FirefoxDriver: firefox on XP (8f002c75-21c6-428d-b714-5ea44436a661)] -> xpath: //input[@type='submit']]
2018-02-11 22:14:22 INFO  LoginPage:70 - ----------SignIn element is present-------->[[FirefoxDriver: firefox on XP (8f002c75-21c6-428d-b714-5ea44436a661)] -> xpath: //a[@href='/gp/css/homepage.html/ref=nav_youraccount_btn']]
2018-02-11 22:14:51 INFO  TC002_LoginFromDataSheet:38 - ________________Started execution verifyLogin__________
2018-02-11 22:14:52 INFO  LoginPage:48 - ----------Clicked on SignIn-------------
2018-02-11 22:14:52 INFO  LoginPage:50 - ----------Entered surename-------->sohaibcool@gmail.com
2018-02-11 22:14:57 INFO  LoginPage:64 - ----------Entered the Password-------->Allah@123
2018-02-11 22:15:02 INFO  LoginPage:66 - ----------clicked on Continue Button-------->[[FirefoxDriver: firefox on XP (0697734b-ba94-4802-8cd4-78771e28b286)] -> xpath: //input[@type='submit']]
2018-02-11 22:15:02 INFO  LoginPage:70 - ----------SignIn element is present-------->[[FirefoxDriver: firefox on XP (0697734b-ba94-4802-8cd4-78771e28b286)] -> xpath: //a[@href='/gp/css/homepage.html/ref=nav_youraccount_btn']]
2018-02-11 22:15:24 INFO  TC002_LoginFromDataSheet:38 - ________________Started execution verifyLogin__________
2018-02-11 22:15:26 INFO  LoginPage:48 - ----------Clicked on SignIn-------------
2018-02-11 22:15:26 INFO  LoginPage:50 - ----------Entered surename-------->sohaibcool@gmail.com
2018-02-11 22:15:26 INFO  LoginPage:55 - ----------Password was not dispalyed-------->sohaibcool@gmail.com
2018-02-11 22:15:27 INFO  LoginPage:57 - ----------clicked on Continue Button-------->[[FirefoxDriver: firefox on XP (ccdb3c59-a5a1-43c1-92d3-9d32b20c1de6)] -> xpath: //input[@type='submit']]
2018-02-11 22:15:27 INFO  LoginPage:59 - ----------Entered the Password-------->Allah@123
2018-02-11 22:15:31 INFO  LoginPage:70 - ----------SignIn element is present-------->[[FirefoxDriver: firefox on XP (ccdb3c59-a5a1-43c1-92d3-9d32b20c1de6)] -> xpath: //a[@href='/gp/css/homepage.html/ref=nav_youraccount_btn']]
2018-02-11 22:15:43 INFO  LoginPage:77 - ----------clicked on SignOut button-------->Proxy element for: DefaultElementLocator 'By.xpath: //span[contains(text(),'Sign Out')]'
2018-02-11 22:15:43 INFO  TC002_LoginFromDataSheet:41 - ________________Completed execution verifyLogin__________
2018-02-11 22:25:13 INFO  TC002_LoginFromDataSheet:38 - ________________Started execution verifyLogin__________
2018-02-11 22:25:14 INFO  LoginPage:48 - ----------Clicked on SignIn-------------
2018-02-11 22:25:14 INFO  LoginPage:50 - ----------Entered surename-------->sohaibcool@gmail.com
2018-02-11 22:25:19 INFO  LoginPage:64 - ----------Entered the Password-------->Allah@123
2018-02-11 22:25:25 INFO  LoginPage:66 - ----------clicked on Continue Button-------->[[FirefoxDriver: firefox on XP (280f4a1b-b981-402a-96b5-8f6f116ffcb4)] -> xpath: //input[@type='submit']]
2018-02-11 22:25:25 INFO  LoginPage:70 - ----------SignIn element is present-------->[[FirefoxDriver: firefox on XP (280f4a1b-b981-402a-96b5-8f6f116ffcb4)] -> xpath: //a[@href='/gp/css/homepage.html/ref=nav_youraccount_btn']]
2018-02-11 22:25:36 INFO  LoginPage:77 - ----------clicked on SignOut button-------->Proxy element for: DefaultElementLocator 'By.xpath: //span[contains(text(),'Sign Out')]'
2018-02-11 22:25:36 INFO  TC002_LoginFromDataSheet:41 - ________________Completed execution verifyLogin__________
2018-02-12 08:26:58 INFO  TC002_LoginFromDataSheet:38 - ________________Started execution verifyLogin__________
2018-02-12 08:27:01 INFO  LoginPage:48 - ----------Clicked on SignIn-------------
2018-02-12 08:27:01 INFO  LoginPage:50 - ----------Entered surename-------->sohaibcool@gmail.com
2018-02-12 08:27:07 INFO  LoginPage:64 - ----------Entered the Password-------->Allah@123
2018-02-12 08:27:11 INFO  LoginPage:66 - ----------clicked on Continue Button-------->[[FirefoxDriver: firefox on XP (a7e94a4b-61bd-469f-8aca-01699e6abaef)] -> xpath: //input[@type='submit']]
2018-02-12 08:27:11 INFO  LoginPage:70 - ----------SignIn element is present-------->[[FirefoxDriver: firefox on XP (a7e94a4b-61bd-469f-8aca-01699e6abaef)] -> xpath: //a[@href='/gp/css/homepage.html/ref=nav_youraccount_btn']]
2018-02-12 08:27:22 INFO  LoginPage:77 - ----------clicked on SignOut button-------->Proxy element for: DefaultElementLocator 'By.xpath: //span[contains(text(),'Sign Out')]'
2018-02-12 08:27:22 INFO  TC002_LoginFromDataSheet:41 - ________________Completed execution verifyLogin__________
2018-02-12 08:28:07 INFO  TC002_LoginFromDataSheet:38 - ________________Started execution verifyLogin__________
2018-02-12 08:28:08 INFO  LoginPage:48 - ----------Clicked on SignIn-------------
2018-02-12 08:28:08 INFO  LoginPage:50 - ----------Entered surename-------->sohaibcool@gmail.com
2018-02-12 08:28:13 INFO  LoginPage:64 - ----------Entered the Password-------->Allah@123
2018-02-12 08:28:16 INFO  LoginPage:66 - ----------clicked on Continue Button-------->[[FirefoxDriver: firefox on XP (36b3a609-8e4a-4ae8-b230-9177cf95c725)] -> xpath: //input[@type='submit']]
2018-02-12 08:28:16 INFO  LoginPage:70 - ----------SignIn element is present-------->[[FirefoxDriver: firefox on XP (36b3a609-8e4a-4ae8-b230-9177cf95c725)] -> xpath: //a[@href='/gp/css/homepage.html/ref=nav_youraccount_btn']]
2018-02-12 08:28:52 INFO  TC002_LoginFromDataSheet:38 - ________________Started execution verifyLogin__________
2018-02-12 08:28:53 INFO  LoginPage:48 - ----------Clicked on SignIn-------------
2018-02-12 08:28:53 INFO  LoginPage:50 - ----------Entered surename-------->sohaibcool@gmail.com
2018-02-12 08:28:53 INFO  LoginPage:55 - ----------Password was not dispalyed-------->sohaibcool@gmail.com
2018-02-12 08:28:55 INFO  LoginPage:57 - ----------clicked on Continue Button-------->[[FirefoxDriver: firefox on XP (308cffd3-8139-4155-ad5c-99c1c6a3b832)] -> xpath: //input[@type='submit']]
2018-02-12 08:28:55 INFO  LoginPage:59 - ----------Entered the Password-------->Allah@123
2018-02-12 08:28:59 INFO  LoginPage:70 - ----------SignIn element is present-------->[[FirefoxDriver: firefox on XP (308cffd3-8139-4155-ad5c-99c1c6a3b832)] -> xpath: //a[@href='/gp/css/homepage.html/ref=nav_youraccount_btn']]
2018-02-12 08:29:10 INFO  LoginPage:77 - ----------clicked on SignOut button-------->Proxy element for: DefaultElementLocator 'By.xpath: //span[contains(text(),'Sign Out')]'
2018-02-12 08:29:10 INFO  TC002_LoginFromDataSheet:41 - ________________Completed execution verifyLogin__________
2018-02-12 11:44:46 INFO  TC002_LoginFromDataSheet:38 - ________________Started execution verifyLogin__________
2018-02-12 11:44:54 INFO  LoginPage:48 - ----------Clicked on SignIn-------------
2018-02-12 11:44:55 INFO  LoginPage:50 - ----------Entered surename-------->sohaibcool@gmail.com
2018-02-12 11:45:00 INFO  LoginPage:64 - ----------Entered the Password-------->Allah@123
2018-02-12 11:45:06 INFO  LoginPage:66 - ----------clicked on Continue Button-------->[[FirefoxDriver: firefox on XP (70be2f41-50e6-4537-ad52-1f1de9715cf4)] -> xpath: //input[@type='submit']]
2018-02-12 11:45:36 INFO  LoginPage:70 - ----------SignIn element is present-------->[[FirefoxDriver: firefox on XP (70be2f41-50e6-4537-ad52-1f1de9715cf4)] -> xpath: //a[@href='/gp/css/homepage.html/ref=nav_youraccount_btn']]
2018-02-12 11:46:38 INFO  LoginPage:77 - ----------clicked on SignOut button-------->Proxy element for: DefaultElementLocator 'By.xpath: //span[contains(text(),'Sign Out')]'
2018-02-12 11:46:46 INFO  TC002_LoginFromDataSheet:41 - ________________Completed execution verifyLogin__________
2018-02-12 16:48:14 INFO  TC002_LoginFromDataSheet:40 - ________________Started execution verifyLogin__________
2018-02-12 16:48:18 INFO  LoginPage:48 - ----------Clicked on SignIn-------------
2018-02-12 16:48:18 INFO  LoginPage:50 - ----------Entered surename-------->sohaibcool@gmail.com
2018-02-12 16:48:23 INFO  LoginPage:64 - ----------Entered the Password-------->Allah@123
2018-02-12 16:48:30 INFO  LoginPage:66 - ----------clicked on Continue Button-------->[[FirefoxDriver: firefox on XP (0bafd533-035d-4490-9c9d-37b8b08d6816)] -> xpath: //input[@type='submit']]
2018-02-12 16:48:30 INFO  LoginPage:70 - ----------SignIn element is present-------->[[FirefoxDriver: firefox on XP (0bafd533-035d-4490-9c9d-37b8b08d6816)] -> xpath: //a[@href='/gp/css/homepage.html/ref=nav_youraccount_btn']]
2018-02-12 16:48:41 INFO  LoginPage:77 - ----------clicked on SignOut button-------->Proxy element for: DefaultElementLocator 'By.xpath: //span[contains(text(),'Sign Out')]'
2018-02-12 16:48:41 INFO  TC002_LoginFromDataSheet:44 - ________________Completed execution verifyLogin__________
2018-02-12 18:32:24 INFO  TC001_VerifyLogin:29 - ________________Started execution verifyLogin__________
2018-02-12 18:32:28 INFO  LoginPage:48 - ----------Clicked on SignIn-------------
2018-02-12 18:32:28 INFO  LoginPage:50 - ----------Entered surename-------->sohaibcool@gmail.com
2018-02-12 18:32:33 INFO  LoginPage:64 - ----------Entered the Password-------->Allah@123
2018-02-12 18:32:37 INFO  LoginPage:66 - ----------clicked on Continue Button-------->[[FirefoxDriver: firefox on XP (8f1faa0c-4b8b-4a61-817f-b4baefb0205d)] -> xpath: //input[@type='submit']]
2018-02-12 18:32:37 INFO  LoginPage:70 - ----------SignIn element is present-------->[[FirefoxDriver: firefox on XP (8f1faa0c-4b8b-4a61-817f-b4baefb0205d)] -> xpath: //a[@href='/gp/css/homepage.html/ref=nav_youraccount_btn']]
2018-02-12 18:33:50 INFO  TC001_VerifyLogin:29 - ________________Started execution verifyLogin__________
2018-02-12 18:33:53 INFO  LoginPage:48 - ----------Clicked on SignIn-------------
2018-02-12 18:33:53 INFO  LoginPage:50 - ----------Entered surename-------->sohaibcool@gmail.com
2018-02-12 18:33:58 INFO  LoginPage:64 - ----------Entered the Password-------->Allah@123
2018-02-12 18:34:02 INFO  LoginPage:66 - ----------clicked on Continue Button-------->[[FirefoxDriver: firefox on XP (6a5a976f-d5d0-45dc-9856-680874d53ecd)] -> xpath: //input[@type='submit']]
2018-02-12 18:34:02 INFO  LoginPage:70 - ----------SignIn element is present-------->[[FirefoxDriver: firefox on XP (6a5a976f-d5d0-45dc-9856-680874d53ecd)] -> xpath: //a[@href='/gp/css/homepage.html/ref=nav_youraccount_btn']]
2018-02-12 18:34:13 INFO  LoginPage:77 - ----------clicked on SignOut button-------->Proxy element for: DefaultElementLocator 'By.xpath: //span[contains(text(),'Sign Out')]'
2018-02-12 18:34:13 INFO  TC001_VerifyLogin:32 - ________________Completed execution verifyLogin__________
2018-02-12 18:34:35 INFO  TC002_LoginFromDataSheet:40 - ________________Started execution verifyLogin__________
2018-02-12 18:34:36 INFO  LoginPage:48 - ----------Clicked on SignIn-------------
2018-02-12 18:34:36 INFO  LoginPage:50 - ----------Entered surename-------->sohaibcool@gmail.com
2018-02-12 18:34:42 INFO  LoginPage:64 - ----------Entered the Password-------->Allah@123
2018-02-12 18:34:46 INFO  LoginPage:66 - ----------clicked on Continue Button-------->[[FirefoxDriver: firefox on XP (2e8ff0b4-9205-4549-8358-fb107e46d426)] -> xpath: //input[@type='submit']]
2018-02-12 18:34:46 INFO  LoginPage:70 - ----------SignIn element is present-------->[[FirefoxDriver: firefox on XP (2e8ff0b4-9205-4549-8358-fb107e46d426)] -> xpath: //a[@href='/gp/css/homepage.html/ref=nav_youraccount_btn']]
2018-02-12 18:34:57 INFO  LoginPage:77 - ----------clicked on SignOut button-------->Proxy element for: DefaultElementLocator 'By.xpath: //span[contains(text(),'Sign Out')]'
2018-02-12 18:34:57 INFO  TC002_LoginFromDataSheet:44 - ________________Completed execution verifyLogin__________
2018-02-12 18:58:54 INFO  TC002_LoginFromDataSheet:40 - ________________Started execution verifyLogin__________
2018-02-12 18:58:57 INFO  LoginPage:48 - ----------Clicked on SignIn-------------
2018-02-12 18:58:57 INFO  LoginPage:50 - ----------Entered surename-------->sohaibcool@gmail.com
2018-02-12 18:58:57 INFO  LoginPage:55 - ----------Password was not dispalyed-------->sohaibcool@gmail.com
2018-02-12 18:58:59 INFO  LoginPage:57 - ----------clicked on Continue Button-------->[[FirefoxDriver: firefox on XP (b8f8d69b-b9d2-44ba-8c62-49ba8345f765)] -> xpath: //input[@type='submit']]
2018-02-12 18:58:59 INFO  LoginPage:59 - ----------Entered the Password-------->Allah@123
2018-02-12 18:59:05 INFO  LoginPage:77 - ----------SignIn element is present-------->[[FirefoxDriver: firefox on XP (b8f8d69b-b9d2-44ba-8c62-49ba8345f765)] -> xpath: //a[@href='/gp/css/homepage.html/ref=nav_youraccount_btn']]
2018-02-12 18:59:16 INFO  LoginPage:84 - ----------clicked on SignOut button-------->Proxy element for: DefaultElementLocator 'By.xpath: //span[contains(text(),'Sign Out')]'
2018-02-12 18:59:16 INFO  TC002_LoginFromDataSheet:45 - ________________Completed execution verifyLogin__________
2018-02-12 19:26:54 INFO  TC003_SelectShoppingItem:43 - ________________Started execution verifyLogin__________
2018-02-12 19:26:56 INFO  LoginPage:48 - ----------Clicked on SignIn-------------
2018-02-12 19:26:57 INFO  LoginPage:50 - ----------Entered surename-------->sohaibcool@gmail.com
2018-02-12 19:26:57 INFO  LoginPage:55 - ----------Password was not dispalyed-------->sohaibcool@gmail.com
2018-02-12 19:26:58 INFO  LoginPage:57 - ----------clicked on Continue Button-------->[[FirefoxDriver: firefox on XP (85f67b28-ce5d-42b0-a9b3-1b177c5328a2)] -> xpath: //input[@type='submit']]
2018-02-12 19:26:58 INFO  LoginPage:59 - ----------Entered the Password-------->Allah@123
2018-02-12 19:30:02 INFO  TC003_SelectShoppingItem:43 - ________________Started execution verifyLogin__________
2018-02-12 19:30:03 INFO  LoginPage:48 - ----------Clicked on SignIn-------------
2018-02-12 19:30:03 INFO  LoginPage:50 - ----------Entered surename-------->sohaibcool@gmail.com
2018-02-12 19:30:08 INFO  LoginPage:64 - ----------Entered the Password-------->Allah@123
2018-02-12 19:30:12 INFO  LoginPage:66 - ----------clicked on Continue Button-------->[[FirefoxDriver: firefox on XP (37ec7504-8678-4059-aa80-6b72cab2f76d)] -> xpath: //input[@type='submit']]
2018-02-12 19:30:40 INFO  TC003_SelectShoppingItem:48 - ________________Clicked on Departement icon__________
2018-02-12 22:49:12 INFO  TC003_SelectShoppingItem:44 - ________________Started execution verifyLogin__________
2018-02-12 22:49:15 INFO  LoginPage:48 - ----------Clicked on SignIn-------------
2018-02-12 22:49:15 INFO  LoginPage:50 - ----------Entered surename-------->sohaibcool@gmail.com
2018-02-12 22:49:15 INFO  LoginPage:55 - ----------Password was not dispalyed-------->sohaibcool@gmail.com
2018-02-12 22:49:17 INFO  LoginPage:57 - ----------clicked on Continue Button-------->[[FirefoxDriver: firefox on XP (7449a32b-fe3f-4a67-b3fa-231eedbbc26b)] -> xpath: //input[@type='submit']]
2018-02-12 22:49:17 INFO  LoginPage:59 - ----------Entered the Password-------->Allah@123
2018-02-12 22:49:23 INFO  TC003_SelectShoppingItem:49 - ________________Clicked on Departement icon__________
2018-02-12 22:49:24 INFO  LoginPage:37 - ----------Move the mouse to -------->[[FirefoxDriver: firefox on XP (7449a32b-fe3f-4a67-b3fa-231eedbbc26b)] -> xpath: //span[contains(text(),'Electronics, Computers & Office')]]
2018-02-12 22:49:30 INFO  TC003_SelectShoppingItem:58 - ________________Completed execution verifyLogin__________
2018-02-12 22:51:30 INFO  TC003_SelectShoppingItem:44 - ________________Started execution verifyLogin__________
2018-02-12 22:51:33 INFO  LoginPage:48 - ----------Clicked on SignIn-------------
2018-02-12 22:51:33 INFO  LoginPage:50 - ----------Entered surename-------->sohaibcool@gmail.com
2018-02-12 22:51:33 INFO  LoginPage:55 - ----------Password was not dispalyed-------->sohaibcool@gmail.com
2018-02-12 22:51:34 INFO  LoginPage:57 - ----------clicked on Continue Button-------->[[FirefoxDriver: firefox on XP (9fdc2253-f38f-4ad2-a3e1-a9690b3450d2)] -> xpath: //input[@type='submit']]
2018-02-12 22:51:34 INFO  LoginPage:59 - ----------Entered the Password-------->Allah@123
2018-02-12 22:53:14 INFO  TC003_SelectShoppingItem:49 - ________________Clicked on Departement icon__________
2018-02-12 22:53:38 INFO  LoginPage:38 - ----------Move the mouse to -------->[[FirefoxDriver: firefox on XP (9fdc2253-f38f-4ad2-a3e1-a9690b3450d2)] -> xpath: //span[contains(text(),'Electronics, Computers & Office')]]
2018-02-12 23:01:25 INFO  TC003_SelectShoppingItem:44 - ________________Started execution verifyLogin__________
2018-02-12 23:01:27 INFO  LoginPage:48 - ----------Clicked on SignIn-------------
2018-02-12 23:01:27 INFO  LoginPage:50 - ----------Entered surename-------->sohaibcool@gmail.com
2018-02-12 23:01:32 INFO  LoginPage:64 - ----------Entered the Password-------->Allah@123
2018-02-12 23:01:36 INFO  LoginPage:66 - ----------clicked on Continue Button-------->[[FirefoxDriver: firefox on XP (bc72896d-35c6-4221-9b9c-f853b0a6e24a)] -> xpath: //input[@type='submit']]
2018-02-12 23:01:36 INFO  TC003_SelectShoppingItem:49 - ________________Clicked on Departement icon__________
2018-02-12 23:01:36 INFO  LoginPage:40 - ----------Move the mouse to -------->[[FirefoxDriver: firefox on XP (bc72896d-35c6-4221-9b9c-f853b0a6e24a)] -> xpath: //span[contains(text(),'Departments')]]
2018-02-12 23:01:42 INFO  TC003_SelectShoppingItem:58 - ________________Completed execution verifyLogin__________
2018-02-12 23:04:04 INFO  TC003_SelectShoppingItem:44 - ________________Started execution verifyLogin__________
2018-02-12 23:04:06 INFO  LoginPage:48 - ----------Clicked on SignIn-------------
2018-02-12 23:04:06 INFO  LoginPage:50 - ----------Entered surename-------->sohaibcool@gmail.com
2018-02-12 23:04:06 INFO  LoginPage:55 - ----------Password was not dispalyed-------->sohaibcool@gmail.com
2018-02-12 23:04:08 INFO  LoginPage:57 - ----------clicked on Continue Button-------->[[FirefoxDriver: firefox on XP (0e984f8b-2ad8-42bf-99b1-fdfee93a46c0)] -> xpath: //input[@type='submit']]
2018-02-12 23:04:08 INFO  LoginPage:59 - ----------Entered the Password-------->Allah@123
2018-02-12 23:04:30 INFO  TC003_SelectShoppingItem:49 - ________________Clicked on Departement icon__________
2018-02-12 23:05:03 INFO  LoginPage:40 - ----------Move the mouse to -------->[[FirefoxDriver: firefox on XP (0e984f8b-2ad8-42bf-99b1-fdfee93a46c0)] -> xpath: //span[contains(text(),'Departments')]]
2018-02-12 23:05:45 INFO  TC003_SelectShoppingItem:58 - ________________Completed execution verifyLogin__________
2018-02-12 23:06:15 INFO  TC003_SelectShoppingItem:44 - ________________Started execution verifyLogin__________
2018-02-12 23:06:16 INFO  LoginPage:48 - ----------Clicked on SignIn-------------
2018-02-12 23:06:16 INFO  LoginPage:50 - ----------Entered surename-------->sohaibcool@gmail.com
2018-02-12 23:06:21 INFO  LoginPage:64 - ----------Entered the Password-------->Allah@123
2018-02-12 23:06:26 INFO  LoginPage:66 - ----------clicked on Continue Button-------->[[FirefoxDriver: firefox on XP (59e7e7e8-2782-4421-9092-9efc9bdfd1c8)] -> xpath: //input[@type='submit']]
2018-02-12 23:06:26 INFO  TC003_SelectShoppingItem:49 - ________________Clicked on Departement icon__________
2018-02-12 23:06:26 INFO  LoginPage:40 - ----------Move the mouse to -------->[[FirefoxDriver: firefox on XP (59e7e7e8-2782-4421-9092-9efc9bdfd1c8)] -> xpath: //span[contains(text(),'Departments')]]
2018-02-12 23:06:32 INFO  TC003_SelectShoppingItem:58 - ________________Completed execution verifyLogin__________
2018-02-12 23:08:19 INFO  TC003_SelectShoppingItem:44 - ________________Started execution verifyLogin__________
2018-02-12 23:08:20 INFO  LoginPage:48 - ----------Clicked on SignIn-------------
2018-02-12 23:08:21 INFO  LoginPage:50 - ----------Entered surename-------->sohaibcool@gmail.com
2018-02-12 23:08:21 INFO  LoginPage:55 - ----------Password was not dispalyed-------->sohaibcool@gmail.com
2018-02-12 23:08:22 INFO  LoginPage:57 - ----------clicked on Continue Button-------->[[FirefoxDriver: firefox on XP (6b5910e7-fe2e-4a92-94f4-58e13f2b1ac0)] -> xpath: //input[@type='submit']]
2018-02-12 23:08:22 INFO  LoginPage:59 - ----------Entered the Password-------->Allah@123
2018-02-12 23:08:28 INFO  TC003_SelectShoppingItem:49 - ________________Clicked on Departement icon__________
2018-02-12 23:08:28 INFO  LoginPage:42 - ----------Move the mouse to -------->[[FirefoxDriver: firefox on XP (6b5910e7-fe2e-4a92-94f4-58e13f2b1ac0)] -> xpath: //span[contains(text(),'Departments')]]
2018-02-12 23:08:35 INFO  TC003_SelectShoppingItem:58 - ________________Completed execution verifyLogin__________
2018-02-12 23:10:11 INFO  TC003_SelectShoppingItem:44 - ________________Started execution verifyLogin__________
2018-02-12 23:10:12 INFO  LoginPage:48 - ----------Clicked on SignIn-------------
2018-02-12 23:10:13 INFO  LoginPage:50 - ----------Entered surename-------->sohaibcool@gmail.com
2018-02-12 23:10:13 INFO  LoginPage:55 - ----------Password was not dispalyed-------->sohaibcool@gmail.com
2018-02-12 23:10:14 INFO  LoginPage:57 - ----------clicked on Continue Button-------->[[FirefoxDriver: firefox on XP (d9967326-0f33-41d8-8d84-3013dc3bd5c1)] -> xpath: //input[@type='submit']]
2018-02-12 23:10:14 INFO  LoginPage:59 - ----------Entered the Password-------->Allah@123
2018-02-12 23:10:20 INFO  TC003_SelectShoppingItem:49 - ________________Clicked on Departement icon__________
2018-02-12 23:10:20 INFO  LoginPage:42 - ----------Move the mouse to depatment -------->[[FirefoxDriver: firefox on XP (d9967326-0f33-41d8-8d84-3013dc3bd5c1)] -> xpath: //span[contains(text(),'Departments')]]
2018-02-12 23:10:21 INFO  LoginPage:47 - ----------Move the mouse to SelectElectronic------->[[FirefoxDriver: firefox on XP (d9967326-0f33-41d8-8d84-3013dc3bd5c1)] -> xpath: //span[contains(text(),'Electronics, Computers & Office')]]
2018-02-12 23:10:21 INFO  LoginPage:49 - ----------Move the mouse to SelectCellPhone------->[[FirefoxDriver: firefox on XP (d9967326-0f33-41d8-8d84-3013dc3bd5c1)] -> xpath: //span[contains(text(),'Cell Phones & Accessories')]]
2018-02-12 23:10:26 INFO  TC003_SelectShoppingItem:58 - ________________Completed execution verifyLogin__________
2018-02-12 23:12:50 INFO  TC003_SelectShoppingItem:44 - ________________Started execution verifyLogin__________
2018-02-12 23:12:53 INFO  LoginPage:48 - ----------Clicked on SignIn-------------
2018-02-12 23:12:54 INFO  LoginPage:50 - ----------Entered surename-------->sohaibcool@gmail.com
2018-02-12 23:12:59 INFO  LoginPage:64 - ----------Entered the Password-------->Allah@123
2018-02-12 23:13:03 INFO  LoginPage:66 - ----------clicked on Continue Button-------->[[FirefoxDriver: firefox on XP (07115dc9-9e57-460c-a9a5-9035b4247231)] -> xpath: //input[@type='submit']]
2018-02-12 23:13:03 INFO  TC003_SelectShoppingItem:49 - ________________Clicked on Departement icon__________
2018-02-12 23:13:03 INFO  LoginPage:42 - ----------Move the mouse to depatment -------->[[FirefoxDriver: firefox on XP (07115dc9-9e57-460c-a9a5-9035b4247231)] -> xpath: //span[contains(text(),'Departments')]]
2018-02-12 23:13:04 INFO  LoginPage:48 - ----------Move the mouse to SelectElectronic------->[[FirefoxDriver: firefox on XP (07115dc9-9e57-460c-a9a5-9035b4247231)] -> xpath: //span[contains(text(),'Electronics, Computers & Office')]]
2018-02-12 23:13:04 INFO  LoginPage:51 - ----------Move the mouse to SelectCellPhone------->[[FirefoxDriver: firefox on XP (07115dc9-9e57-460c-a9a5-9035b4247231)] -> xpath: //span[contains(text(),'Cell Phones & Accessories')]]
2018-02-12 23:13:10 INFO  TC003_SelectShoppingItem:58 - ________________Completed execution verifyLogin__________
2018-02-12 23:14:44 INFO  TC003_SelectShoppingItem:44 - ________________Started execution verifyLogin__________
2018-02-12 23:14:46 INFO  LoginPage:48 - ----------Clicked on SignIn-------------
2018-02-12 23:14:46 INFO  LoginPage:50 - ----------Entered surename-------->sohaibcool@gmail.com
2018-02-12 23:14:51 INFO  LoginPage:64 - ----------Entered the Password-------->Allah@123
2018-02-12 23:14:56 INFO  LoginPage:66 - ----------clicked on Continue Button-------->[[FirefoxDriver: firefox on XP (8ffac57d-defe-43d7-a90a-5e7defe1bd8b)] -> xpath: //input[@type='submit']]
2018-02-12 23:14:56 INFO  TC003_SelectShoppingItem:49 - ________________Clicked on Departement icon__________
2018-02-12 23:14:56 INFO  LoginPage:42 - ----------Move the mouse to depatment -------->[[FirefoxDriver: firefox on XP (8ffac57d-defe-43d7-a90a-5e7defe1bd8b)] -> xpath: //span[contains(text(),'Departments')]]
2018-02-12 23:14:57 INFO  LoginPage:48 - ----------Move the mouse to SelectElectronic------->[[FirefoxDriver: firefox on XP (8ffac57d-defe-43d7-a90a-5e7defe1bd8b)] -> xpath: //span[contains(text(),'Electronics, Computers & Office')]]
2018-02-12 23:14:57 INFO  LoginPage:51 - ----------Move the mouse to SelectCellPhone------->[[FirefoxDriver: firefox on XP (8ffac57d-defe-43d7-a90a-5e7defe1bd8b)] -> xpath: //span[contains(text(),'Cell Phones & Accessories')]]
2018-02-12 23:15:02 INFO  TC003_SelectShoppingItem:58 - ________________Completed execution verifyLogin__________
2018-02-12 23:17:04 INFO  TC003_SelectShoppingItem:44 - ________________Started execution verifyLogin__________
2018-02-12 23:17:07 INFO  LoginPage:48 - ----------Clicked on SignIn-------------
2018-02-12 23:17:07 INFO  LoginPage:50 - ----------Entered surename-------->sohaibcool@gmail.com
2018-02-12 23:17:12 INFO  LoginPage:64 - ----------Entered the Password-------->Allah@123
2018-02-12 23:17:18 INFO  LoginPage:66 - ----------clicked on Continue Button-------->[[FirefoxDriver: firefox on XP (9964149d-59f8-41aa-8b21-3d85fe9afee0)] -> xpath: //input[@type='submit']]
2018-02-12 23:17:27 INFO  TC003_SelectShoppingItem:49 - ________________Clicked on Departement icon__________
2018-02-12 23:17:33 INFO  LoginPage:42 - ----------Move the mouse to depatment -------->[[FirefoxDriver: firefox on XP (9964149d-59f8-41aa-8b21-3d85fe9afee0)] -> xpath: //span[contains(text(),'Departments')]]
2018-02-12 23:20:01 INFO  TC003_SelectShoppingItem:44 - ________________Started execution verifyLogin__________
2018-02-12 23:20:06 INFO  LoginPage:48 - ----------Clicked on SignIn-------------
2018-02-12 23:20:06 INFO  LoginPage:50 - ----------Entered surename-------->sohaibcool@gmail.com
2018-02-12 23:20:06 INFO  LoginPage:55 - ----------Password was not dispalyed-------->sohaibcool@gmail.com
2018-02-12 23:20:11 INFO  LoginPage:57 - ----------clicked on Continue Button-------->[[FirefoxDriver: firefox on XP (fde45c23-05b1-4a12-9240-ceaf85943dd2)] -> xpath: //input[@type='submit']]
2018-02-12 23:20:11 INFO  LoginPage:59 - ----------Entered the Password-------->Allah@123
2018-02-12 23:20:16 INFO  TC003_SelectShoppingItem:49 - ________________Clicked on Departement icon__________
2018-02-12 23:20:16 INFO  LoginPage:42 - ----------Move the mouse to depatment -------->[[FirefoxDriver: firefox on XP (fde45c23-05b1-4a12-9240-ceaf85943dd2)] -> xpath: //span[contains(text(),'Departments')]]
2018-02-12 23:20:17 INFO  LoginPage:48 - ----------Move the mouse to SelectElectronic------->[[FirefoxDriver: firefox on XP (fde45c23-05b1-4a12-9240-ceaf85943dd2)] -> xpath: //span[contains(text(),'Electronics, Computers & Office')]]
2018-02-12 23:20:17 INFO  LoginPage:52 - ----------Move the mouse to SelectCellPhone------->[[FirefoxDriver: firefox on XP (fde45c23-05b1-4a12-9240-ceaf85943dd2)] -> xpath: //span[contains(text(),'Cell Phones & Accessories')]]
2018-02-12 23:20:22 INFO  TC003_SelectShoppingItem:58 - ________________Completed execution verifyLogin__________
2018-02-12 23:20:33 INFO  LoginPage:42 - ----------Move the mouse to depatment -------->[[FirefoxDriver: firefox on XP (9964149d-59f8-41aa-8b21-3d85fe9afee0)] -> xpath: //span[contains(text(),'Departments')]]
2018-02-12 23:20:46 INFO  LoginPage:48 - ----------Move the mouse to SelectElectronic------->[[FirefoxDriver: firefox on XP (9964149d-59f8-41aa-8b21-3d85fe9afee0)] -> xpath: //span[contains(text(),'Electronics, Computers & Office')]]
2018-02-12 23:21:04 INFO  LoginPage:52 - ----------Move the mouse to SelectCellPhone------->[[FirefoxDriver: firefox on XP (9964149d-59f8-41aa-8b21-3d85fe9afee0)] -> xpath: //span[contains(text(),'Cell Phones & Accessories')]]
2018-02-12 23:21:41 INFO  TC003_SelectShoppingItem:58 - ________________Completed execution verifyLogin__________
2018-02-12 23:22:16 INFO  TC003_SelectShoppingItem:44 - ________________Started execution verifyLogin__________
2018-02-12 23:22:17 INFO  LoginPage:48 - ----------Clicked on SignIn-------------
2018-02-12 23:22:17 INFO  LoginPage:50 - ----------Entered surename-------->sohaibcool@gmail.com
2018-02-12 23:22:17 INFO  LoginPage:55 - ----------Password was not dispalyed-------->sohaibcool@gmail.com
2018-02-12 23:22:19 INFO  LoginPage:57 - ----------clicked on Continue Button-------->[[FirefoxDriver: firefox on XP (43fa5615-d1b0-4937-805a-362419a34ea3)] -> xpath: //input[@type='submit']]
2018-02-12 23:22:20 INFO  LoginPage:59 - ----------Entered the Password-------->Allah@123
2018-02-12 23:22:24 INFO  TC003_SelectShoppingItem:49 - ________________Clicked on Departement icon__________
2018-02-12 23:22:24 INFO  LoginPage:42 - ----------Move the mouse to depatment -------->[[FirefoxDriver: firefox on XP (43fa5615-d1b0-4937-805a-362419a34ea3)] -> xpath: //span[contains(text(),'Departments')]]
2018-02-12 23:22:25 INFO  LoginPage:48 - ----------Move the mouse to SelectElectronic------->[[FirefoxDriver: firefox on XP (43fa5615-d1b0-4937-805a-362419a34ea3)] -> xpath: //span[contains(text(),'Electronics, Computers & Office')]]
2018-02-12 23:22:25 INFO  LoginPage:52 - ----------Move the mouse to SelectCellPhone------->[[FirefoxDriver: firefox on XP (43fa5615-d1b0-4937-805a-362419a34ea3)] -> xpath: //span[contains(text(),'Cell Phones & Accessories')]]
2018-02-12 23:22:30 INFO  TC003_SelectShoppingItem:58 - ________________Completed execution verifyLogin__________
2018-02-12 23:23:15 INFO  TC003_SelectShoppingItem:44 - ________________Started execution verifyLogin__________
2018-02-12 23:23:18 INFO  LoginPage:48 - ----------Clicked on SignIn-------------
2018-02-12 23:23:18 INFO  LoginPage:50 - ----------Entered surename-------->sohaibcool@gmail.com
2018-02-12 23:23:19 INFO  LoginPage:55 - ----------Password was not dispalyed-------->sohaibcool@gmail.com
2018-02-12 23:23:20 INFO  LoginPage:57 - ----------clicked on Continue Button-------->[[FirefoxDriver: firefox on XP (d5277671-00fa-4f49-8921-4bf4b82c80b6)] -> xpath: //input[@type='submit']]
2018-02-12 23:23:21 INFO  LoginPage:59 - ----------Entered the Password-------->Allah@123
2018-02-12 23:23:28 INFO  TC003_SelectShoppingItem:49 - ________________Clicked on Departement icon__________
2018-02-12 23:23:32 INFO  LoginPage:42 - ----------Move the mouse to depatment -------->[[FirefoxDriver: firefox on XP (d5277671-00fa-4f49-8921-4bf4b82c80b6)] -> xpath: //span[contains(text(),'Departments')]]
2018-02-12 23:23:45 INFO  LoginPage:48 - ----------Move the mouse to SelectElectronic------->[[FirefoxDriver: firefox on XP (d5277671-00fa-4f49-8921-4bf4b82c80b6)] -> xpath: //span[contains(text(),'Electronics, Computers & Office')]]
2018-02-12 23:29:52 INFO  LoginPage:52 - ----------Move the mouse to SelectCellPhone------->[[FirefoxDriver: firefox on XP (d5277671-00fa-4f49-8921-4bf4b82c80b6)] -> xpath: //span[contains(text(),'Cell Phones & Accessories')]]
2018-02-13 08:32:41 INFO  TC003_SelectShoppingItem:44 - ________________Started execution verifyLogin__________
2018-02-13 08:32:45 INFO  LoginPage:48 - ----------Clicked on SignIn-------------
2018-02-13 08:32:45 INFO  LoginPage:50 - ----------Entered surename-------->sohaibcool@gmail.com
2018-02-13 08:32:45 INFO  LoginPage:55 - ----------Password was not dispalyed-------->sohaibcool@gmail.com
2018-02-13 08:32:49 INFO  LoginPage:57 - ----------clicked on Continue Button-------->[[FirefoxDriver: firefox on XP (3b840eda-9af9-42c5-9177-b2339a537429)] -> xpath: //input[@type='submit']]
2018-02-13 08:32:49 INFO  LoginPage:59 - ----------Entered the Password-------->Allah@123
2018-02-13 08:32:54 INFO  TC003_SelectShoppingItem:49 - ________________Clicked on Departement icon__________
2018-02-13 08:32:54 INFO  LoginPage:42 - ----------Move the mouse to depatment -------->[[FirefoxDriver: firefox on XP (3b840eda-9af9-42c5-9177-b2339a537429)] -> xpath: //span[contains(text(),'Departments')]]
2018-02-13 08:32:55 INFO  LoginPage:48 - ----------Move the mouse to SelectElectronic------->[[FirefoxDriver: firefox on XP (3b840eda-9af9-42c5-9177-b2339a537429)] -> xpath: //span[contains(text(),'Electronics, Computers & Office')]]
2018-02-13 08:32:55 INFO  LoginPage:52 - ----------Move the mouse to SelectCellPhone------->[[FirefoxDriver: firefox on XP (3b840eda-9af9-42c5-9177-b2339a537429)] -> xpath: //span[contains(text(),'Cell Phones & Accessories')]]
2018-02-13 08:33:00 INFO  TC003_SelectShoppingItem:58 - ________________Completed execution verifyLogin__________
2018-02-13 08:36:09 INFO  TC003_SelectShoppingItem:44 - ________________Started execution verifyLogin__________
2018-02-13 08:36:11 INFO  LoginPage:48 - ----------Clicked on SignIn-------------
2018-02-13 08:36:11 INFO  LoginPage:50 - ----------Entered surename-------->sohaibcool@gmail.com
2018-02-13 08:36:16 INFO  LoginPage:64 - ----------Entered the Password-------->Allah@123
2018-02-13 08:36:20 INFO  LoginPage:66 - ----------clicked on Continue Button-------->[[FirefoxDriver: firefox on XP (303e58e6-1cb3-4e17-8d43-ad1b53cda13d)] -> xpath: //input[@type='submit']]
2018-02-13 08:36:36 INFO  TC003_SelectShoppingItem:49 - ________________Clicked on Departement icon__________
2018-02-13 08:36:44 INFO  LoginPage:42 - ----------Move the mouse to depatment -------->[[FirefoxDriver: firefox on XP (303e58e6-1cb3-4e17-8d43-ad1b53cda13d)] -> xpath: //span[contains(text(),'Departments')]]
2018-02-13 08:37:02 INFO  LoginPage:48 - ----------Move the mouse to SelectElectronic------->[[FirefoxDriver: firefox on XP (303e58e6-1cb3-4e17-8d43-ad1b53cda13d)] -> xpath: //span[contains(text(),'Electronics, Computers & Office')]]
2018-02-13 08:37:21 INFO  LoginPage:52 - ----------Move the mouse to SelectCellPhone------->[[FirefoxDriver: firefox on XP (303e58e6-1cb3-4e17-8d43-ad1b53cda13d)] -> xpath: //span[contains(text(),'Cell Phones & Accessories')]]
2018-02-13 08:37:42 INFO  TC003_SelectShoppingItem:58 - ________________Completed execution verifyLogin__________
2018-02-13 08:42:28 INFO  TC003_SelectShoppingItem:44 - ________________Started execution verifyLogin__________
2018-02-13 08:42:30 INFO  LoginPage:48 - ----------Clicked on SignIn-------------
2018-02-13 08:42:30 INFO  LoginPage:50 - ----------Entered surename-------->sohaibcool@gmail.com
2018-02-13 08:42:36 INFO  LoginPage:64 - ----------Entered the Password-------->Allah@123
2018-02-13 08:42:42 INFO  LoginPage:66 - ----------clicked on Continue Button-------->[[FirefoxDriver: firefox on XP (445af49c-90b7-4d44-a707-535f4a61f6d3)] -> xpath: //input[@type='submit']]
2018-02-13 08:42:49 INFO  TC003_SelectShoppingItem:49 - ________________Clicked on Departement icon__________
2018-02-13 08:43:08 INFO  LoginPage:46 - ----------Move the mouse to depatment -------->[[FirefoxDriver: firefox on XP (445af49c-90b7-4d44-a707-535f4a61f6d3)] -> xpath: //span[contains(text(),'Departments')]]
2018-02-13 08:43:36 INFO  LoginPage:54 - ----------Move the mouse to SelectElectronic------->[[FirefoxDriver: firefox on XP (445af49c-90b7-4d44-a707-535f4a61f6d3)] -> xpath: //span[contains(text(),'Electronics, Computers & Office')]]
2018-02-13 08:53:44 INFO  LoginPage:58 - ----------Move the mouse to SelectCellPhone------->[[FirefoxDriver: firefox on XP (445af49c-90b7-4d44-a707-535f4a61f6d3)] -> xpath: //span[contains(text(),'Cell Phones & Accessories')]]
2018-02-13 08:53:49 INFO  TC003_SelectShoppingItem:58 - ________________Completed execution verifyLogin__________
2018-02-13 08:54:18 INFO  TC003_SelectShoppingItem:44 - ________________Started execution verifyLogin__________
2018-02-13 08:54:19 INFO  LoginPage:48 - ----------Clicked on SignIn-------------
2018-02-13 08:54:19 INFO  LoginPage:50 - ----------Entered surename-------->sohaibcool@gmail.com
2018-02-13 08:54:19 INFO  LoginPage:55 - ----------Password was not dispalyed-------->sohaibcool@gmail.com
2018-02-13 08:54:21 INFO  LoginPage:57 - ----------clicked on Continue Button-------->[[FirefoxDriver: firefox on XP (b08599f9-7a78-4241-afce-d583fc49efa2)] -> xpath: //input[@type='submit']]
2018-02-13 08:54:21 INFO  LoginPage:59 - ----------Entered the Password-------->Allah@123
2018-02-13 08:54:26 INFO  TC003_SelectShoppingItem:49 - ________________Clicked on Departement icon__________
2018-02-13 08:54:26 INFO  LoginPage:47 - ----------Move the mouse to depatment -------->[[FirefoxDriver: firefox on XP (b08599f9-7a78-4241-afce-d583fc49efa2)] -> xpath: //span[contains(text(),'Departments')]]
2018-02-13 08:54:26 INFO  LoginPage:55 - ----------Move the mouse to SelectElectronic------->[[FirefoxDriver: firefox on XP (b08599f9-7a78-4241-afce-d583fc49efa2)] -> xpath: //span[contains(text(),'Electronics, Computers & Office')]]
2018-02-13 08:54:27 INFO  LoginPage:59 - ----------Move the mouse to SelectCellPhone------->[[FirefoxDriver: firefox on XP (b08599f9-7a78-4241-afce-d583fc49efa2)] -> xpath: //span[contains(text(),'Cell Phones & Accessories')]]
2018-02-13 08:54:32 INFO  TC003_SelectShoppingItem:58 - ________________Completed execution verifyLogin__________
2018-02-13 08:54:56 INFO  TC003_SelectShoppingItem:44 - ________________Started execution verifyLogin__________
2018-02-13 08:54:57 INFO  LoginPage:48 - ----------Clicked on SignIn-------------
2018-02-13 08:54:57 INFO  LoginPage:50 - ----------Entered surename-------->sohaibcool@gmail.com
2018-02-13 08:54:57 INFO  LoginPage:55 - ----------Password was not dispalyed-------->sohaibcool@gmail.com
2018-02-13 08:54:58 INFO  LoginPage:57 - ----------clicked on Continue Button-------->[[FirefoxDriver: firefox on XP (e78675d6-7ce7-4d2f-9dd8-d7484da235c4)] -> xpath: //input[@type='submit']]
2018-02-13 08:54:58 INFO  LoginPage:59 - ----------Entered the Password-------->Allah@123
2018-02-13 08:55:04 INFO  TC003_SelectShoppingItem:49 - ________________Clicked on Departement icon__________
2018-02-13 08:55:15 INFO  LoginPage:47 - ----------Move the mouse to depatment -------->[[FirefoxDriver: firefox on XP (e78675d6-7ce7-4d2f-9dd8-d7484da235c4)] -> xpath: //span[contains(text(),'Departments')]]
2018-02-13 08:57:49 INFO  TC003_SelectShoppingItem:44 - ________________Started execution verifyLogin__________
2018-02-13 08:57:51 INFO  LoginPage:48 - ----------Clicked on SignIn-------------
2018-02-13 08:57:52 INFO  LoginPage:50 - ----------Entered surename-------->sohaibcool@gmail.com
2018-02-13 08:57:52 INFO  LoginPage:55 - ----------Password was not dispalyed-------->sohaibcool@gmail.com
2018-02-13 08:57:53 INFO  LoginPage:57 - ----------clicked on Continue Button-------->[[FirefoxDriver: firefox on XP (0915649e-c136-45b5-8f7b-f141d228d844)] -> xpath: //input[@type='submit']]
2018-02-13 08:57:53 INFO  LoginPage:59 - ----------Entered the Password-------->Allah@123
2018-02-13 08:57:58 INFO  TC003_SelectShoppingItem:49 - ________________Clicked on Departement icon__________
2018-02-13 08:58:02 INFO  LoginPage:? - ----------Move the mouse to SelectElectronic------->[[FirefoxDriver: firefox on XP (e78675d6-7ce7-4d2f-9dd8-d7484da235c4)] -> xpath: //span[contains(text(),'Electronics, Computers & Office')]]
2018-02-13 08:58:10 INFO  LoginPage:? - ----------Move the mouse to SelectCellPhone------->[[FirefoxDriver: firefox on XP (e78675d6-7ce7-4d2f-9dd8-d7484da235c4)] -> xpath: //span[contains(text(),'Cell Phones & Accessories')]]
2018-02-13 08:58:28 INFO  TC003_SelectShoppingItem:58 - ________________Completed execution verifyLogin__________
2018-02-13 10:20:18 INFO  TC003_SelectShoppingItem:44 - ________________Started execution verifyLogin__________
2018-02-13 10:20:19 INFO  LoginPage:48 - ----------Clicked on SignIn-------------
2018-02-13 10:20:20 INFO  LoginPage:50 - ----------Entered surename-------->sohaibcool@gmail.com
2018-02-13 10:20:20 INFO  LoginPage:55 - ----------Password was not dispalyed-------->sohaibcool@gmail.com
2018-02-13 10:20:21 INFO  LoginPage:57 - ----------clicked on Continue Button-------->[[FirefoxDriver: firefox on XP (267ffdab-6b00-4b75-9aa7-90e186450a94)] -> xpath: //input[@type='submit']]
2018-02-13 10:20:21 INFO  LoginPage:59 - ----------Entered the Password-------->Allah@123
2018-02-13 10:20:26 INFO  TC003_SelectShoppingItem:49 - ________________Clicked on Departement icon__________
2018-02-13 10:20:52 INFO  LoginPage:47 - ----------Move the mouse to depatment -------->[[FirefoxDriver: firefox on XP (267ffdab-6b00-4b75-9aa7-90e186450a94)] -> xpath: //span[contains(text(),'Departments')]]
2018-02-13 10:23:22 INFO  TC003_SelectShoppingItem:44 - ________________Started execution verifyLogin__________
2018-02-13 10:23:24 INFO  LoginPage:48 - ----------Clicked on SignIn-------------
2018-02-13 10:23:24 INFO  LoginPage:50 - ----------Entered surename-------->sohaibcool@gmail.com
2018-02-13 10:23:29 INFO  LoginPage:64 - ----------Entered the Password-------->Allah@123
2018-02-13 10:23:33 INFO  LoginPage:66 - ----------clicked on Continue Button-------->[[FirefoxDriver: firefox on XP (12331239-d184-41ec-ab1f-6725f12e4b2e)] -> xpath: //input[@type='submit']]
2018-02-13 10:23:33 INFO  TC003_SelectShoppingItem:49 - ________________Clicked on Departement icon__________
2018-02-13 10:23:40 INFO  LoginPage:47 - ----------Move the mouse to depatment -------->[[FirefoxDriver: firefox on XP (12331239-d184-41ec-ab1f-6725f12e4b2e)] -> xpath: //span[contains(text(),'Departments')]]
2018-02-13 10:30:02 INFO  TC003_SelectShoppingItem:44 - ________________Started execution verifyLogin__________
2018-02-13 10:30:05 INFO  LoginPage:48 - ----------Clicked on SignIn-------------
2018-02-13 10:30:06 INFO  LoginPage:50 - ----------Entered surename-------->sohaibcool@gmail.com
2018-02-13 10:30:06 INFO  LoginPage:55 - ----------Password was not dispalyed-------->sohaibcool@gmail.com
2018-02-13 10:30:07 INFO  LoginPage:57 - ----------clicked on Continue Button-------->[[FirefoxDriver: firefox on XP (cc87e934-7b4d-4d0f-935c-fcd9e4f8d1c0)] -> xpath: //input[@type='submit']]
2018-02-13 10:30:07 INFO  LoginPage:59 - ----------Entered the Password-------->Allah@123
2018-02-13 10:30:12 INFO  TC003_SelectShoppingItem:49 - ________________Clicked on Departement icon__________
2018-02-13 10:31:59 INFO  TC003_SelectShoppingItem:44 - ________________Started execution verifyLogin__________
2018-02-13 10:32:01 INFO  LoginPage:48 - ----------Clicked on SignIn-------------
2018-02-13 10:32:01 INFO  LoginPage:50 - ----------Entered surename-------->sohaibcool@gmail.com
2018-02-13 10:32:06 INFO  LoginPage:64 - ----------Entered the Password-------->Allah@123
2018-02-13 10:32:10 INFO  LoginPage:66 - ----------clicked on Continue Button-------->[[FirefoxDriver: firefox on XP (c5271b80-bcb5-4d9b-b60b-6b90b3baab19)] -> xpath: //input[@type='submit']]
2018-02-13 10:32:10 INFO  TC003_SelectShoppingItem:49 - ________________Clicked on Departement icon__________
2018-02-13 10:34:56 INFO  TC003_SelectShoppingItem:44 - ________________Started execution verifyLogin__________
2018-02-13 10:34:57 INFO  LoginPage:48 - ----------Clicked on SignIn-------------
2018-02-13 10:34:58 INFO  LoginPage:50 - ----------Entered surename-------->sohaibcool@gmail.com
2018-02-13 10:35:03 INFO  LoginPage:64 - ----------Entered the Password-------->Allah@123
2018-02-13 10:35:08 INFO  LoginPage:66 - ----------clicked on Continue Button-------->[[FirefoxDriver: firefox on XP (120342e5-5b15-4b29-94db-2c82ea4a59f6)] -> xpath: //input[@type='submit']]
2018-02-13 10:35:08 INFO  TC003_SelectShoppingItem:49 - ________________Clicked on Departement icon__________
2018-02-13 10:35:15 INFO  LoginPage:48 - ----------Move the mouse to depatment -------->[[FirefoxDriver: firefox on XP (120342e5-5b15-4b29-94db-2c82ea4a59f6)] -> xpath: //span[contains(text(),'Departments')]]
2018-02-13 10:35:35 INFO  LoginPage:57 - ----------Move the mouse to SelectElectronic------->[[FirefoxDriver: firefox on XP (120342e5-5b15-4b29-94db-2c82ea4a59f6)] -> xpath: //span[contains(text(),'Electronics, Computers & Office')]]
2018-02-13 10:35:44 INFO  LoginPage:61 - ----------Move the mouse to SelectCellPhone------->[[FirefoxDriver: firefox on XP (120342e5-5b15-4b29-94db-2c82ea4a59f6)] -> xpath: //span[contains(text(),'Cell Phones & Accessories')]]
2018-02-13 10:38:15 INFO  TC003_SelectShoppingItem:58 - ________________Completed execution verifyLogin__________
2018-02-13 10:39:47 INFO  TC003_SelectShoppingItem:44 - ________________Started execution verifyLogin__________
2018-02-13 10:39:48 INFO  LoginPage:48 - ----------Clicked on SignIn-------------
2018-02-13 10:39:48 INFO  LoginPage:50 - ----------Entered surename-------->sohaibcool@gmail.com
2018-02-13 10:39:53 INFO  LoginPage:64 - ----------Entered the Password-------->Allah@123
2018-02-13 10:40:00 INFO  LoginPage:66 - ----------clicked on Continue Button-------->[[FirefoxDriver: firefox on XP (1194421c-57b1-4cea-930e-e0b8c57aace3)] -> xpath: //input[@type='submit']]
2018-02-13 10:40:00 INFO  TC003_SelectShoppingItem:49 - ________________Clicked on Departement icon__________
2018-02-13 10:40:16 INFO  LoginPage:48 - ----------Move the mouse to depatment -------->[[FirefoxDriver: firefox on XP (1194421c-57b1-4cea-930e-e0b8c57aace3)] -> xpath: //span[contains(text(),'Departments')]]
2018-02-13 10:40:35 INFO  LoginPage:57 - ----------Move the mouse to SelectElectronic------->[[FirefoxDriver: firefox on XP (1194421c-57b1-4cea-930e-e0b8c57aace3)] -> xpath: //span[contains(text(),'Electronics, Computers & Office')]]
2018-02-13 10:41:05 INFO  LoginPage:61 - ----------Move the mouse to SelectCellPhone------->[[FirefoxDriver: firefox on XP (1194421c-57b1-4cea-930e-e0b8c57aace3)] -> xpath: //span[contains(text(),'Cell Phones & Accessories')]]
2018-02-13 10:41:41 INFO  TC003_SelectShoppingItem:58 - ________________Completed execution verifyLogin__________
2018-02-13 12:39:37 INFO  TC003_SelectShoppingItem:44 - ________________Started execution verifyLogin__________
2018-02-13 12:39:48 INFO  LoginPage:48 - ----------Clicked on SignIn-------------
2018-02-13 12:39:49 INFO  LoginPage:50 - ----------Entered surename-------->sohaibcool@gmail.com
2018-02-13 12:39:54 INFO  LoginPage:64 - ----------Entered the Password-------->Allah@123
2018-02-13 12:39:59 INFO  LoginPage:66 - ----------clicked on Continue Button-------->[[FirefoxDriver: firefox on XP (6888dcb5-795a-4e5f-921f-610037487c81)] -> xpath: //input[@type='submit']]
2018-02-13 12:39:59 INFO  TC003_SelectShoppingItem:49 - ________________Clicked on Departement icon__________
2018-02-13 13:53:23 INFO  TC001_VerifyLogin:29 - ________________Started execution verifyLogin__________
2018-02-13 13:53:29 INFO  LoginPage:48 - ----------Clicked on SignIn-------------
2018-02-13 13:53:30 INFO  LoginPage:50 - ----------Entered surename-------->sohaibcool@gmail.com
2018-02-13 13:53:30 INFO  LoginPage:55 - ----------Password was not dispalyed-------->sohaibcool@gmail.com
2018-02-13 13:53:31 INFO  LoginPage:57 - ----------clicked on Continue Button-------->[[FirefoxDriver: firefox on XP (f845effe-df5b-4e16-b909-79d67f729845)] -> xpath: //input[@type='submit']]
2018-02-13 13:53:32 INFO  LoginPage:59 - ----------Entered the Password-------->Allah@123
2018-02-13 13:53:37 INFO  LoginPage:77 - ----------SignIn element is present-------->[[FirefoxDriver: firefox on XP (f845effe-df5b-4e16-b909-79d67f729845)] -> xpath: //a[@href='/gp/css/homepage.html/ref=nav_youraccount_btn']]
2018-02-13 13:53:48 INFO  LoginPage:84 - ----------clicked on SignOut button-------->Proxy element for: DefaultElementLocator 'By.xpath: //span[contains(text(),'Sign Out')]'
2018-02-13 13:53:48 INFO  TC001_VerifyLogin:33 - ________________Completed execution verifyLogin__________
2018-02-13 13:56:36 INFO  TC001_VerifyLogin:29 - ________________Started execution verifyLogin__________
2018-02-13 13:56:37 INFO  LoginPage:48 - ----------Clicked on SignIn-------------
2018-02-13 13:56:38 INFO  LoginPage:50 - ----------Entered surename-------->sohaibcool@gmail.com
2018-02-13 13:56:38 INFO  LoginPage:55 - ----------Password was not dispalyed-------->sohaibcool@gmail.com
2018-02-13 13:56:39 INFO  LoginPage:57 - ----------clicked on Continue Button-------->[[FirefoxDriver: firefox on XP (fa2b98ca-25ef-48d3-8869-10e3616d02cb)] -> xpath: //input[@type='submit']]
2018-02-13 14:01:24 INFO  TC001_VerifyLogin:29 - ________________Started execution verifyLogin__________
2018-02-13 14:01:27 INFO  LoginPage:48 - ----------Clicked on SignIn-------------
2018-02-13 14:01:27 INFO  LoginPage:50 - ----------Entered surename-------->sohaibcool@gmail.com
2018-02-13 14:01:27 INFO  LoginPage:55 - ----------Password was not dispalyed-------->sohaibcool@gmail.com
2018-02-13 14:01:28 INFO  LoginPage:57 - ----------clicked on Continue Button-------->[[FirefoxDriver: firefox on XP (96ccc45f-4219-43be-badd-77b5eb92aa70)] -> xpath: //input[@type='submit']]
2018-02-13 14:05:14 INFO  TC001_VerifyLogin:29 - ________________Started execution verifyLogin__________
2018-02-13 14:05:16 INFO  LoginPage:48 - ----------Clicked on SignIn-------------
2018-02-13 14:05:16 INFO  LoginPage:50 - ----------Entered surename-------->sohaibcool@gmail.com
2018-02-13 14:05:16 INFO  LoginPage:55 - ----------Password was not dispalyed-------->sohaibcool@gmail.com
2018-02-13 14:05:17 INFO  LoginPage:57 - ----------clicked on Continue Button-------->[[FirefoxDriver: firefox on XP (8eadf835-6d4e-4ae5-8da5-5bb0e30e9e0a)] -> xpath: //input[@type='submit']]
